This is XeTeX, Version 3.1415926-2.5-0.9999.3 (TeX Live 2013) (format=xelatex 2013.12.28)  21 APR 2014 22:59
entering extended mode
 \write18 enabled.
 %&-line parsing enabled.
**revenue.tex
(./revenue.tex
LaTeX2e <2011/06/27>
Babel <3.9h> and hyphenation patterns for 78 languages loaded.
(/usr/local/texlive/2013/texmf-dist/tex/latex/kotex/utf/oblivoir/oblivoir.cls
Document Class: oblivoir 2009/03/11

(/usr/local/texlive/2013/texmf-dist/tex/latex/kotex-dev/xoblivoir/oblivoir-xlua
.cls
Document Class: oblivoir-xlua 2012/11/22 v0.4.4 article-like class to typeset U
TF-8 korean using memoir.
A variant of oblivoir class for Lua- or XeLaTeX.
(/usr/local/texlive/2013/texmf-dist/tex/latex/xkeyval/xkeyval.sty
Package: xkeyval 2012/10/14 v2.6b package option processing (HA)

(/usr/local/texlive/2013/texmf-dist/tex/generic/xkeyval/xkeyval.tex
\XKV@toks=\toks14
\XKV@tempa@toks=\toks15
\XKV@depth=\count80
File: xkeyval.tex 2012/10/14 v2.6b key=value parser (HA)

(/usr/local/texlive/2013/texmf-dist/tex/generic/xkeyval/keyval.tex)))
\fa@setheight=\skip41
\fa@setwidth=\skip42

(/usr/local/texlive/2013/texmf-dist/tex/latex/memoir/memoir.cls
Document Class: memoir 2013/05/30 v3.7b configurable book, report, article docu
ment class
\onelineskip=\skip43
\lxvchars=\skip44
\xlvchars=\skip45
\@memcnta=\count81
\c@@memmarkcntra=\count82
(/usr/local/texlive/2013/texmf-dist/tex/generic/oberdiek/ifpdf.sty
Package: ifpdf 2011/01/30 v2.3 Provides the ifpdf switch (HO)
Package ifpdf Info: pdfTeX in PDF mode is not detected.
)
(/usr/local/texlive/2013/texmf-dist/tex/latex/ifetex/ifetex.sty
Package: ifetex 2011/12/15 v1.2 ifetex

(/usr/local/texlive/2013/texmf-dist/tex/plain/ifetex/ifetex.tex))
(/usr/local/texlive/2013/texmf-dist/tex/generic/ifxetex/ifxetex.sty
Package: ifxetex 2010/09/12 v0.6 Provides ifxetex conditional
)
(/usr/local/texlive/2013/texmf-dist/tex/generic/oberdiek/ifluatex.sty
Package: ifluatex 2010/03/01 v1.3 Provides the ifluatex switch (HO)
Package ifluatex Info: LuaTeX not detected.
)
\stockheight=\skip46
\stockwidth=\skip47
\trimtop=\skip48
\trimedge=\skip49

(/usr/local/texlive/2013/texmf-dist/tex/latex/etex-pkg/etex.sty
Package: etex 1998/03/26 v2.0 eTeX basic definition package (PEB)
\et@xins=\count83
)
(/usr/local/texlive/2013/texmf-dist/tex/latex/memoir/mem10.clo
File: mem10.clo 2008/01/30 v0.3 memoir class 10pt size option
)
\binding=\skip50
\spinemargin=\skip51
\foremargin=\skip52
\uppermargin=\skip53
\lowermargin=\skip54
\headdrop=\skip55
\normalrulethickness=\skip56
\mem@maxheadheight=\skip57
\mem@maxfootheight=\skip58
\headwidth=\skip59
\c@storedpagenumber=\count84
\memPD=\dimen102
\m@mabparskip=\skip60
\thanksmarkwidth=\skip61
\thanksmarksep=\skip62
\droptitle=\skip63
\c@book=\count85
\c@part=\count86
\c@chapter=\count87
\c@section=\count88
\c@subsection=\count89
\c@subsubsection=\count90
\c@paragraph=\count91
\c@subparagraph=\count92
\beforechapskip=\skip64
\midchapskip=\skip65
\afterchapskip=\skip66
\chapindent=\skip67
\bottomsectionskip=\skip68
\secindent=\skip69
\beforesecskip=\skip70
\aftersecskip=\skip71
\subsecindent=\skip72
\beforesubsecskip=\skip73
\aftersubsecskip=\skip74
\subsubsecindent=\skip75
\beforesubsubsecskip=\skip76
\aftersubsubsecskip=\skip77
\paraindent=\skip78
\beforeparaskip=\skip79
\afterparaskip=\skip80
\subparaindent=\skip81
\beforesubparaskip=\skip82
\aftersubparaskip=\skip83
\pfbreakskip=\skip84
\c@@ppsavesec=\count93
\c@@ppsaveapp=\count94
\ragrparindent=\dimen103
\everylistparindent=\dimen104
\parsepi=\skip85
\topsepi=\skip86
\itemsepi=\skip87
\parsepii=\skip88
\topsepii=\skip89
\topsepiii=\skip90
\itemsepii=\skip91
\itemsepiii=\skip92
\partopsepii=\skip93
\partopsepiii=\skip94
\m@msavetopsep=\skip95
\m@msavepartopsep=\skip96
\@enLab=\toks16
\abstitleskip=\skip97
\absleftindent=\skip98
\abs@leftindent=\dimen105
\absrightindent=\skip99
\absparindent=\skip100
\absparsep=\skip101
\c@vslineno=\count95
\c@poemline=\count96
\c@modulo@vs=\count97
\c@memfvsline=\count98
\vleftskip=\skip102
\vrightskip=\skip103
\stanzaskip=\skip104
\versewidth=\skip105
\vgap=\skip106
\vindent=\skip107
\vleftmargin=\dimen106
\c@verse=\count99
\c@chrsinstr=\count100
\beforepoemtitleskip=\skip108
\afterpoemtitleskip=\skip109
\c@poem=\count101
\beforePoemTitleskip=\skip110
\midPoemTitleskip=\skip111
\afterPoemTitleskip=\skip112
\col@sep=\dimen107
\extrarowheight=\dimen108
\NC@list=\toks17
\extratabsurround=\skip113
\backup@length=\skip114
\TX@col@width=\dimen109
\TX@old@table=\dimen110
\TX@old@col=\dimen111
\TX@target=\dimen112
\TX@delta=\dimen113
\TX@cols=\count102
\TX@ftn=\toks18
\heavyrulewidth=\dimen114
\lightrulewidth=\dimen115
\cmidrulewidth=\dimen116
\belowrulesep=\dimen117
\belowbottomsep=\dimen118
\aboverulesep=\dimen119
\abovetopsep=\dimen120
\cmidrulesep=\dimen121
\cmidrulekern=\dimen122
\defaultaddspace=\dimen123
\@cmidla=\count103
\@cmidlb=\count104
\@aboverulesep=\dimen124
\@belowrulesep=\dimen125
\@thisruleclass=\count105
\@lastruleclass=\count106
\@thisrulewidth=\dimen126
\ctableftskip=\skip115
\ctabrightskip=\skip116
\abovecolumnspenalty=\count107
\@linestogo=\count108
\@cellstogo=\count109
\@cellsincolumn=\count110
\crtok=\toks19
\@mincolumnwidth=\dimen127
\c@newflo@tctr=\count111
\mem@margin@floatbox=\box26
\@contcwidth=\skip117
\@contindw=\skip118
\abovecaptionskip=\skip119
\belowcaptionskip=\skip120
\subfloattopskip=\skip121
\subfloatcapskip=\skip122
\subfloatcaptopadj=\skip123
\subfloatbottomskip=\skip124
\subfloatlabelskip=\skip125
\subfloatcapmargin=\dimen128
\c@@contsubnum=\count112
\m@mscap@capbox=\box27
\m@mscap@fbox=\box28
\sidecapsep=\dimen129
\sidecapwidth=\dimen130
\m@m@tempdima=\dimen131
\m@mscapraise=\dimen132
\sidecapraise=\dimen133
\m@mscapmainwidth=\dimen134
\m@mscaplkern=\dimen135
\beforeepigraphskip=\skip126
\afterepigraphskip=\skip127
\epigraphwidth=\skip128
\epigraphrule=\skip129
LaTeX Info: Redefining \em on input line 7492.
LaTeX Info: Redefining \emph on input line 7500.
\tocentryskip=\skip130
\tocbaseline=\skip131
\cftparskip=\skip132
\cftbeforebookskip=\skip133
\cftbookindent=\dimen136
\cftbooknumwidth=\dimen137
\cftbeforepartskip=\skip134
\cftpartindent=\skip135
\cftpartnumwidth=\skip136
\cftbeforechapterskip=\skip137
\cftchapterindent=\skip138
\cftchapternumwidth=\skip139
\cftbeforesectionskip=\skip140
\cftsectionindent=\skip141
\cftsectionnumwidth=\skip142
\cftbeforesubsectionskip=\skip143
\cftsubsectionindent=\skip144
\cftsubsectionnumwidth=\skip145
\cftbeforesubsubsectionskip=\skip146
\cftsubsubsectionindent=\skip147
\cftsubsubsectionnumwidth=\skip148
\cftbeforeparagraphskip=\skip149
\cftparagraphindent=\skip150
\cftparagraphnumwidth=\skip151
\cftbeforesubparagraphskip=\skip152
\cftsubparagraphindent=\skip153
\cftsubparagraphnumwidth=\skip154
\prechapterprecisshift=\dimen138
\c@maxsecnumdepth=\count113
\bibindent=\dimen139
\bibitemsep=\skip155
\indexcolsep=\skip156
\indexrule=\skip157
\indexmarkstyle=\toks20
\@indexbox=\insert233
\glossarycolsep=\dimen140
\glossaryrule=\dimen141
\sideparvshift=\skip158
\sideins=\insert232
\sidebartopsep=\skip159
\sidebarhsep=\skip160
\sidebarvsep=\skip161
\sidebarwidth=\skip162
\footmarkwidth=\skip163
\footmarksep=\skip164
\footparindent=\skip165
\footinsdim=\skip166
\footinsv@r=\insert231
\@mpfootinsv@r=\insert230
\m@m@k=\count114
\m@m@h=\dimen142
\m@mipn@skip=\skip167
\sidefootins=\insert229
\sidefootadjust=\skip168
\sidefootheight=\skip169
\sidefoothsep=\skip170
\sidefootvsep=\skip171
\sidefootwidth=\skip172
\m@mdownsf=\skip173
\c@sidefootnote=\count115
\sidefootmarkwidth=\skip174
\sidefootmarksep=\skip175
\sidefootparindent=\skip176
\c@pagenote=\count116
\c@pagenoteshadow=\count117
\mem@pn@lastkern=\skip177
\every@verbatim=\toks21
\afterevery@verbatim=\toks22
\verbatim@line=\toks23
\tab@position=\count118
\verbatim@in@stream=\read1
\verbatimindent=\skip178
\verbatim@out=\write3
\bvboxsep=\skip179
\c@memfbvline=\count119
\c@bvlinectr=\count120
\bvnumlength=\skip180
\fb@frw=\dimen143
\fb@frh=\dimen144
\FrameRule=\dimen145
\FrameSep=\dimen146
\c@cp@cntr=\count121
LaTeX Info: Redefining \: on input line 11958.
LaTeX Info: Redefining \! on input line 11960.
\c@ism@mctr=\count122
\c@xsm@mctr=\count123
\c@csm@mctr=\count124
\c@ksm@mctr=\count125
\c@xksm@mctr=\count126
\c@cksm@mctr=\count127
\c@msm@mctr=\count128
\c@xmsm@mctr=\count129
\c@cmsm@mctr=\count130
\c@bsm@mctr=\count131
\c@workm@mctr=\count132
\c@sheetsequence=\count133
\c@lastsheet=\count134
\c@lastpage=\count135
\c@figure=\count136
\c@lofdepth=\count137
\cftbeforefigureskip=\skip181
\cftfigureindent=\skip182
\cftfigurenumwidth=\skip183
\c@table=\count138
\c@lotdepth=\count139
\cftbeforetableskip=\skip184
\cfttableindent=\skip185
\cfttablenumwidth=\skip186
Package abstract [2008/07/23] emulated by memoir.
Package appendix [2008/07/23] emulated by memoir.
Package array [2008/09/09] emulated by memoir.
Package booktabs [2008/07/23] emulated by memoir.
Package ccaption [2008/07/23] emulated by memoir.
Package changepage [2008/07/23] emulated by memoir.
Package chngcntr [2008/07/23] emulated by memoir.
Package chngpage [2008/07/23] emulated by memoir.
Package crop emulated by memoir.
Package dcolumn [2008/07/23] emulated by memoir.
Package delarray [2008/07/23] emulated by memoir.
Package enumerate [2008/07/23] emulated by memoir.
Package epigraph [2008/07/23] emulated by memoir.
Package ifmtarg [2008/07/23] emulated by memoir.
Package index [2008/07/23] emulated by memoir.
Package makeidx [2008/07/23] emulated by memoir.
Package moreverb [2008/07/23] emulated by memoir.
Package mparhack [2008/07/23] emulated by memoir.
Package needspace [2008/07/23] emulated by memoir.
Package newfile [2008/07/23] emulated by memoir.
Package nextpage [2008/07/23] emulated by memoir.
Package pagenote [2008/07/23] emulated by memoir.
Package parskip [2008/07/23] emulated by memoir.
Package patchcmd [2008/07/23] emulated by memoir.
Package setspace [2008/07/23] emulated by memoir.
Package shortvrb [2008/07/23] emulated by memoir.
Package showidx [2008/07/23] emulated by memoir.
Package tabularx [2008/07/23] emulated by memoir.
Package titleref [2008/07/23] emulated by memoir.
Package titling [2008/07/23] emulated by memoir.
Package tocbibind [2008/07/23] emulated by memoir.
Package tocloft [2008/07/23] emulated by memoir.
Package tocvsec2 [2008/07/23] emulated by memoir.
Package verbatim [2008/07/23] emulated by memoir.
Package verse [2008/07/23] emulated by memoir.

(/usr/local/texlive/2013/texmf-dist/tex/latex/memoir/mempatch.sty
Package: mempatch 2009/07/24 v6.0f Patches for memoir class v1.6180339
))
(/usr/local/texlive/2013/texmf-dist/tex/latex/kotex-dev/xoblivoir/memhangul-x.s
ty
Package: memhangul-x 2012/12/02UCS Hangul Package for memoir class

A variant of memhangul-ucs for luaTeX or XeTeX

(/usr/local/texlive/2013/texmf-dist/tex/latex/kotex-dev/xoblivoir/xetexko-var.s
ty
Package: xetexko-var 2011/09/15 v0.11w Korean Typesetting under XeTeX
 (/usr/local/texlive/2013/texmf-dist/tex/xetex/xetexko/xetexko-space.sty
Package: xetexko-space 2014/02/02 v2.4 Spacings and fonts for XeTeX-ko
\XKcjkclosing=\XeTeXintercharclass4
\XKcjkcolon=\XeTeXintercharclass5
\XKcjkfullstop=\XeTeXintercharclass6
\XKcjkliaison=\XeTeXintercharclass7
\XKcjkextrastop=\XeTeXintercharclass8
\XKcjksymbol=\XeTeXintercharclass9
\XKhangulsyllable=\XeTeXintercharclass10
\XKhanguljungjong=\XeTeXintercharclass11
\XKlatinopening=\XeTeXintercharclass12
\XKlatinclosing=\XeTeXintercharclass13
\XKopeningquote=\XeTeXintercharclass14
\XKclosingquote=\XeTeXintercharclass15
\XKlatinfullstop=\XeTeXintercharclass16
\XKlatinquestion=\XeTeXintercharclass17
\XKlatinexclamation=\XeTeXintercharclass18
\XKlatinhyphen=\XeTeXintercharclass19
\XKlatincomma=\XeTeXintercharclass20
\XKlatincolon=\XeTeXintercharclass21
\XKlatinnumber=\XeTeXintercharclass22
\XKhanjacombining=\XeTeXintercharclass23
\XKdotemphbox=\box29
)
(/usr/local/texlive/2013/texmf-dist/tex/latex/kotex-dev/xoblivoir/xob-dotemph.s
ty
(/usr/local/texlive/2013/texmf-dist/tex/xelatex/kotex-dev/xetexko-dotemph.sty
Package: xetexko-dotemph 


Package xetexko-dotemph Warning: Please do not use this file on input line 2.

)) (/usr/local/texlive/2013/texmf-dist/tex/xetex/xetexko/xetexko-josa.sty
Package: xetexko-josa 2013/12/06 v2.2 Auto-josa for XeTeX-ko
\@josa=\count140
)
(/usr/local/texlive/2013/texmf-dist/tex/xelatex/kotex-dev/xetexko-hyper.sty
Package: xetexko-hyper 


Package xetexko-hyper Warning: Please do not use this file on input line 2.

) (/usr/local/texlive/2013/texmf-dist/tex/xetex/xetexko/xetexko-vertical.sty
Package: xetexko-vertical 2013/07/03 v2.1 Vertical environment for XeTeX-ko
\verticalem=\dimen147
)
(/usr/local/texlive/2013/texmf-dist/tex/latex/kotex-dev/xoblivoir/xetexko-xobfo
nt.sty
Package: xetexko-xobfont 2009/10/12 v0.75 Korean font definition in conjunction
 with xetexko-space, a variant
 (/usr/local/texlive/2013/texmf-dist/tex/xetex/xetexko/xetexko-font.sty
Package: xetexko-font 2014/02/02 v2.4 Font commands for XeTeX-ko

(/usr/local/texlive/2013/texmf-dist/tex/latex/fontspec/fontspec.sty
Package: fontspec 2013/05/20 v2.3c Font selection for XeLaTeX and LuaLaTeX

(/usr/local/texlive/2013/texmf-dist/tex/latex/l3kernel/expl3.sty
(/usr/local/texlive/2013/texmf-dist/tex/latex/l3kernel/l3names.sty
(/usr/local/texlive/2013/texmf-dist/tex/latex/l3kernel/l3bootstrap.sty
Package: l3bootstrap 2014/01/04 v4640 L3 Experimental bootstrap code
)
Package: l3names 2014/01/04 v4640 L3 Namespace for primitives
)
Package: expl3 2014/01/07 v4646 L3 Experimental code bundle wrapper

(/usr/local/texlive/2013/texmf-dist/tex/latex/l3kernel/l3basics.sty
Package: l3basics 2014/01/04 v4642 L3 Basic definitions
)
(/usr/local/texlive/2013/texmf-dist/tex/latex/l3kernel/l3expan.sty
Package: l3expan 2014/01/04 v4642 L3 Argument expansion
)
(/usr/local/texlive/2013/texmf-dist/tex/latex/l3kernel/l3tl.sty
Package: l3tl 2013/12/27 v4625 L3 Token lists
)
(/usr/local/texlive/2013/texmf-dist/tex/latex/l3kernel/l3seq.sty
Package: l3seq 2013/12/14 v4623 L3 Sequences and stacks
)
(/usr/local/texlive/2013/texmf-dist/tex/latex/l3kernel/l3int.sty
Package: l3int 2013/08/02 v4583 L3 Integers
\c_max_int=\count141
\l_tmpa_int=\count142
\l_tmpb_int=\count143
\g_tmpa_int=\count144
\g_tmpb_int=\count145
)
(/usr/local/texlive/2013/texmf-dist/tex/latex/l3kernel/l3quark.sty
Package: l3quark 2013/12/14 v4623 L3 Quarks
)
(/usr/local/texlive/2013/texmf-dist/tex/latex/l3kernel/l3prg.sty
Package: l3prg 2014/01/04 v4642 L3 Control structures
\g__prg_map_int=\count146
)
(/usr/local/texlive/2013/texmf-dist/tex/latex/l3kernel/l3clist.sty
Package: l3clist 2013/07/28 v4581 L3 Comma separated lists
)
(/usr/local/texlive/2013/texmf-dist/tex/latex/l3kernel/l3token.sty
Package: l3token 2013/08/25 v4587 L3 Experimental token manipulation
)
(/usr/local/texlive/2013/texmf-dist/tex/latex/l3kernel/l3prop.sty
Package: l3prop 2013/12/14 v4623 L3 Property lists
)
(/usr/local/texlive/2013/texmf-dist/tex/latex/l3kernel/l3msg.sty
Package: l3msg 2013/07/28 v4581 L3 Messages
)
(/usr/local/texlive/2013/texmf-dist/tex/latex/l3kernel/l3file.sty
Package: l3file 2013/10/13 v4596 L3 File and I/O operations
\l_iow_line_count_int=\count147
\l__iow_target_count_int=\count148
\l__iow_current_line_int=\count149
\l__iow_current_word_int=\count150
\l__iow_current_indentation_int=\count151
)
(/usr/local/texlive/2013/texmf-dist/tex/latex/l3kernel/l3skip.sty
Package: l3skip 2013/07/28 v4581 L3 Dimensions and skips
\c_zero_dim=\dimen148
\c_max_dim=\dimen149
\l_tmpa_dim=\dimen150
\l_tmpb_dim=\dimen151
\g_tmpa_dim=\dimen152
\g_tmpb_dim=\dimen153
\c_zero_skip=\skip187
\c_max_skip=\skip188
\l_tmpa_skip=\skip189
\l_tmpb_skip=\skip190
\g_tmpa_skip=\skip191
\g_tmpb_skip=\skip192
\c_zero_muskip=\muskip10
\c_max_muskip=\muskip11
\l_tmpa_muskip=\muskip12
\l_tmpb_muskip=\muskip13
\g_tmpa_muskip=\muskip14
\g_tmpb_muskip=\muskip15
)
(/usr/local/texlive/2013/texmf-dist/tex/latex/l3kernel/l3keys.sty
Package: l3keys 2013/12/08 v4614 L3 Experimental key-value interfaces
\g__keyval_level_int=\count152
\l_keys_choice_int=\count153
)
(/usr/local/texlive/2013/texmf-dist/tex/latex/l3kernel/l3fp.sty
Package: l3fp 2014/01/04 v4642 L3 Floating points
\c__fp_leading_shift_int=\count154
\c__fp_middle_shift_int=\count155
\c__fp_trailing_shift_int=\count156
\c__fp_big_leading_shift_int=\count157
\c__fp_big_middle_shift_int=\count158
\c__fp_big_trailing_shift_int=\count159
\c__fp_Bigg_leading_shift_int=\count160
\c__fp_Bigg_middle_shift_int=\count161
\c__fp_Bigg_trailing_shift_int=\count162
)
(/usr/local/texlive/2013/texmf-dist/tex/latex/l3kernel/l3box.sty
Package: l3box 2013/07/28 v4581 L3 Experimental boxes
\c_empty_box=\box30
\l_tmpa_box=\box31
\l_tmpb_box=\box32
\g_tmpa_box=\box33
\g_tmpb_box=\box34
)
(/usr/local/texlive/2013/texmf-dist/tex/latex/l3kernel/l3coffins.sty
Package: l3coffins 2013/12/14 v4624 L3 Coffin code layer
\l__coffin_internal_box=\box35
\l__coffin_internal_dim=\dimen154
\l__coffin_offset_x_dim=\dimen155
\l__coffin_offset_y_dim=\dimen156
\l__coffin_x_dim=\dimen157
\l__coffin_y_dim=\dimen158
\l__coffin_x_prime_dim=\dimen159
\l__coffin_y_prime_dim=\dimen160
\c_empty_coffin=\box36
\l__coffin_aligned_coffin=\box37
\l__coffin_aligned_internal_coffin=\box38
\l_tmpa_coffin=\box39
\l_tmpb_coffin=\box40
\l__coffin_display_coffin=\box41
\l__coffin_display_coord_coffin=\box42
\l__coffin_display_pole_coffin=\box43
\l__coffin_display_offset_dim=\dimen161
\l__coffin_display_x_dim=\dimen162
\l__coffin_display_y_dim=\dimen163
)
(/usr/local/texlive/2013/texmf-dist/tex/latex/l3kernel/l3color.sty
Package: l3color 2012/08/29 v4156 L3 Experimental color support
)
(/usr/local/texlive/2013/texmf-dist/tex/latex/l3kernel/l3luatex.sty
Package: l3luatex 2013/07/28 v4581 L3 Experimental LuaTeX-specific functions
\g__cctab_allocate_int=\count163
\g__cctab_stack_int=\count164
)
(/usr/local/texlive/2013/texmf-dist/tex/latex/l3kernel/l3candidates.sty
Package: l3candidates 2014/01/06 v4643 L3 Experimental additions to l3kernel
\l__box_top_dim=\dimen164
\l__box_bottom_dim=\dimen165
\l__box_left_dim=\dimen166
\l__box_right_dim=\dimen167
\l__box_top_new_dim=\dimen168
\l__box_bottom_new_dim=\dimen169
\l__box_left_new_dim=\dimen170
\l__box_right_new_dim=\dimen171
\l__box_internal_box=\box44
\l__coffin_bounding_shift_dim=\dimen172
\l__coffin_left_corner_dim=\dimen173
\l__coffin_right_corner_dim=\dimen174
\l__coffin_bottom_corner_dim=\dimen175
\l__coffin_top_corner_dim=\dimen176
\l__coffin_scaled_total_height_dim=\dimen177
\l__coffin_scaled_width_dim=\dimen178
))
(/usr/local/texlive/2013/texmf-dist/tex/latex/l3packages/xparse/xparse.sty
Package: xparse 2013/12/31 v4634 L3 Experimental document command parser
\l__xparse_current_arg_int=\count165
\l__xparse_m_args_int=\count166
\l__xparse_mandatory_args_int=\count167
\l__xparse_processor_int=\count168
\l__xparse_v_nesting_int=\count169
)
\l_fontspec_script_int=\count170
\l_fontspec_language_int=\count171
\l_fontspec_strnum_int=\count172
\l_fontspec_tmpa_dim=\dimen179
\l_fontspec_tmpb_dim=\dimen180
\l_fontspec_tmpc_dim=\dimen181
Variant \tl_gset:cV already defined; not changing it on line 69

(/usr/local/texlive/2013/texmf-dist/tex/latex/fontspec/fontspec-patches.sty
Package: fontspec-patches 2013/05/20 v2.3c Font selection for XeLaTeX and LuaLa
TeX

(/usr/local/texlive/2013/texmf-dist/tex/latex/base/fixltx2e.sty
Package: fixltx2e 2006/09/13 v1.1m fixes to LaTeX
LaTeX Info: Redefining \em on input line 420.
LaTeX Info: Redefining \textsubscript on input line 424.
)
LaTeX Info: Redefining \em on input line 22.
LaTeX Info: Redefining \emph on input line 30.
LaTeX Info: Redefining \- on input line 33.

*************************************************
* LaTeX warning: "xparse/redefine-command"
* 
* Redefining document command \oldstylenums with arg. spec. 'm' on line 128.
*************************************************
.................................................
. LaTeX info: "xparse/define-command"
. 
. Defining document command \liningnums with arg. spec. 'm' on line 132.
.................................................
) (/usr/local/texlive/2013/texmf-dist/tex/latex/fontspec/fontspec-xetex.sty
Package: fontspec-xetex 2013/05/20 v2.3c Font selection for XeLaTeX and LuaLaTe
X

(/usr/local/texlive/2013/texmf-dist/tex/latex/base/fontenc.sty
Package: fontenc 2005/09/27 v1.99g Standard LaTeX package

(/usr/local/texlive/2013/texmf-dist/tex/latex/euenc/eu1enc.def
File: eu1enc.def 2010/05/27 v0.1h Experimental Unicode font encodings
)
LaTeX Font Info:    Try loading font information for EU1+lmr on input line 100.


(/usr/local/texlive/2013/texmf-dist/tex/latex/euenc/eu1lmr.fd
File: eu1lmr.fd 2009/10/30 v1.6 Font defs for Latin Modern
))
(/usr/local/texlive/2013/texmf-dist/tex/xelatex/xunicode/xunicode.sty
File: xunicode.sty 2011/09/09 v0.981 provides access to latin accents and many 
other characters in Unicode lower plane

(/usr/local/texlive/2013/texmf-dist/tex/latex/tipa/t3enc.def
File: t3enc.def 2001/12/31 T3 encoding
LaTeX Font Info:    Try loading font information for EU1+lmss on input line 357
.

(/usr/local/texlive/2013/texmf-dist/tex/latex/euenc/eu1lmss.fd
File: eu1lmss.fd 2009/10/30 v1.6 Font defs for Latin Modern
))
\tipaTiiicode=\count173
\tipasavetokens=\toks24
\tipachecktokens=\toks25

(/usr/local/texlive/2013/texmf-dist/tex/latex/graphics/graphicx.sty
Package: graphicx 1999/02/16 v1.0f Enhanced LaTeX Graphics (DPC,SPQR)

(/usr/local/texlive/2013/texmf-dist/tex/latex/graphics/graphics.sty
Package: graphics 2009/02/05 v1.0o Standard LaTeX Graphics (DPC,SPQR)

(/usr/local/texlive/2013/texmf-dist/tex/latex/graphics/trig.sty
Package: trig 1999/03/16 v1.09 sin cos tan (DPC)
)
(/usr/local/texlive/2013/texmf-dist/tex/latex/latexconfig/graphics.cfg
File: graphics.cfg 2010/04/23 v1.9 graphics configuration of TeX Live
)
Package graphics Info: Driver file: xetex.def on input line 91.

(/usr/local/texlive/2013/texmf-dist/tex/xelatex/xetex-def/xetex.def
File: xetex.def 2013/04/29 v0.96 LaTeX color/graphics driver for XeTeX (RRM/JK)

))
\Gin@req@height=\dimen182
\Gin@req@width=\dimen183
))
.................................................
. LaTeX info: "xparse/define-command"
. 
. Defining document command \fontspec with arg. spec. 'O{}m' on line 41.
.................................................
.................................................
. LaTeX info: "xparse/define-command"
. 
. Defining document command \setmainfont with arg. spec. 'O{}m' on line 46.
.................................................
.................................................
. LaTeX info: "xparse/define-command"
. 
. Defining document command \setsansfont with arg. spec. 'O{}m' on line 51.
.................................................
.................................................
. LaTeX info: "xparse/define-command"
. 
. Defining document command \setmonofont with arg. spec. 'O{}m' on line 56.
.................................................
.................................................
. LaTeX info: "xparse/define-command"
. 
. Defining document command \setmathrm with arg. spec. 'O{}m' on line 65.
.................................................
.................................................
. LaTeX info: "xparse/define-command"
. 
. Defining document command \setboldmathrm with arg. spec. 'O{}m' on line 69.
.................................................
.................................................
. LaTeX info: "xparse/define-command"
. 
. Defining document command \setmathsf with arg. spec. 'O{}m' on line 73.
.................................................
.................................................
. LaTeX info: "xparse/define-command"
. 
. Defining document command \setmathtt with arg. spec. 'O{}m' on line 77.
.................................................
.................................................
. LaTeX info: "xparse/define-command"
. 
. Defining document command \newfontfamily with arg. spec. 'mO{}m' on line 96.
.................................................
.................................................
. LaTeX info: "xparse/define-command"
. 
. Defining document command \newfontface with arg. spec. 'mO{}m' on line 100.
.................................................
.................................................
. LaTeX info: "xparse/define-command"
. 
. Defining document command \defaultfontfeatures with arg. spec. 'om' on line
. 108.
.................................................
.................................................
. LaTeX info: "xparse/define-command"
. 
. Defining document command \addfontfeatures with arg. spec. 'm' on line 144.
.................................................
.................................................
. LaTeX info: "xparse/define-command"
. 
. Defining document command \newfontfeature with arg. spec. 'mm' on line 156.
.................................................
.................................................
. LaTeX info: "xparse/define-command"
. 
. Defining document command \newAATfeature with arg. spec. 'mmmm' on line 164.
.................................................
.................................................
. LaTeX info: "xparse/define-command"
. 
. Defining document command \newICUfeature with arg. spec. 'mmm' on line 172.
.................................................
.................................................
. LaTeX info: "xparse/define-command"
. 
. Defining document command \aliasfontfeature with arg. spec. 'mm' on line
. 201.
.................................................
.................................................
. LaTeX info: "xparse/define-command"
. 
. Defining document command \aliasfontfeatureoption with arg. spec. 'mmm' on
. line 203.
.................................................
.................................................
. LaTeX info: "xparse/define-command"
. 
. Defining document command \newfontscript with arg. spec. 'mm' on line 208.
.................................................
.................................................
. LaTeX info: "xparse/define-command"
. 
. Defining document command \newfontlanguage with arg. spec. 'mm' on line 235.
.................................................
.................................................
. LaTeX info: "xparse/define-command"
. 
. Defining document command \DeclareFontsExtensions with arg. spec. 'm' on
. line 256.
.................................................
Variant \prop_gput:cnV already defined; not changing it on line 582
Variant \prop_gput:cnx already defined; not changing it on line 583
\l_fontspec_tmp_int=\count174
LaTeX Info: Redefining \itshape on input line 2087.
LaTeX Info: Redefining \slshape on input line 2092.
LaTeX Info: Redefining \scshape on input line 2097.
LaTeX Info: Redefining \upshape on input line 2102.

(/usr/local/texlive/2013/texmf-dist/tex/latex/fontspec/fontspec.cfg)))
\XK@font@options=\toks26
\g__file_internal_ior=\read2
.................................................
. fontspec info: "no-scripts"
. 
. Font UnBatang does not contain any OpenType `Script' information.
.................................................
\g_fontspec_family_UnBatang_int=\count175
.................................................
. fontspec info: "defining-font"
. 
. Font family 'UnBatang(0)' created for font 'UnBatang' with options [
. ExternalLocation, Mapping=tex-text, BoldFont=UnBatangBold,
. ItalicFont=UnBatang, ItalicFeatures={FakeSlant=0.17}, SlantedFont=UnBatang,
. SlantedFeatures={FakeSlant=0.17}, BoldItalicFont=UnBatangBold,
. BoldItalicFeatures={FakeSlant=0.17}, BoldSlantedFont=UnBatangBold,
. BoldSlantedFeatures={FakeSlant=0.17}].
. 
. This font family consists of the following shapes:
. 
. * 'normal' with NFSS spec.:
. <->"[UnBatang]/ICU:mapping=tex-text;"
. 
. * 'bold' with NFSS spec.:
. <->"[UnBatangBold]/ICU:mapping=tex-text;"
. 
. * 'italic' with NFSS spec.:
. <->"[UnBatang]/ICU:mapping=tex-text;slant=0.17;"
. 
. * 'sl/,FakeSlant=0.17' with NFSS spec.:
. <->"[UnBatang]/ICU:mapping=tex-text;slant=0.17;"
. 
. * 'bold italic' with NFSS spec.:
. <->"[UnBatangBold]/ICU:mapping=tex-text;slant=0.17;"
. 
. * 'sl/,FakeSlant=0.17' with NFSS spec.:
. <->"[UnBatangBold]/ICU:mapping=tex-text;slant=0.17;"
.................................................
.................................................
. fontspec info: "no-scripts"
. 
. Font UnDotum does not contain any OpenType `Script' information.
.................................................
\g_fontspec_family_UnDotum_int=\count176
.................................................
. fontspec info: "defining-font"
. 
. Font family 'UnDotum(0)' created for font 'UnDotum' with options [
. ExternalLocation, Mapping=tex-text, BoldFont=UnDotumBold,
. ItalicFont=UnDotum, ItalicFeatures={FakeSlant=0.17}, SlantedFont=UnDotum,
. SlantedFeatures={FakeSlant=0.17}, BoldItalicFont=UnDotumBold,
. BoldItalicFeatures={FakeSlant=0.17}, BoldSlantedFont=UnDotumBold,
. BoldSlantedFeatures={FakeSlant=0.17}].
. 
. This font family consists of the following shapes:
. 
. * 'normal' with NFSS spec.:
. <->"[UnDotum]/ICU:mapping=tex-text;"
. 
. * 'bold' with NFSS spec.:
. <->"[UnDotumBold]/ICU:mapping=tex-text;"
. 
. * 'italic' with NFSS spec.:
. <->"[UnDotum]/ICU:mapping=tex-text;slant=0.17;"
. 
. * 'sl/,FakeSlant=0.17' with NFSS spec.:
. <->"[UnDotum]/ICU:mapping=tex-text;slant=0.17;"
. 
. * 'bold italic' with NFSS spec.:
. <->"[UnDotumBold]/ICU:mapping=tex-text;slant=0.17;"
. 
. * 'sl/,FakeSlant=0.17' with NFSS spec.:
. <->"[UnDotumBold]/ICU:mapping=tex-text;slant=0.17;"
.................................................
.................................................
. fontspec info: "no-scripts"
. 
. Font UnTaza does not contain any OpenType `Script' information.
.................................................
\g_fontspec_family_UnTaza_int=\count177
.................................................
. fontspec info: "defining-font"
. 
. Font family 'UnTaza(0)' created for font 'UnTaza' with options [
. ExternalLocation, Scale=1.05, BoldFont=UnTaza, BoldFeatures={FakeBold=2},
. ItalicFont=UnTaza, ItalicFeatures={FakeSlant=0.17}, SlantedFont=UnTaza,
. SlantedFeatures={FakeSlant=0.17}, BoldItalicFont=UnTaza,
. BoldItalicFeatures={FakeBold=2,FakeSlant=0.17}, BoldSlantedFont=UnTaza,
. BoldSlantedFeatures={FakeBold=2,FakeSlant=0.17}].
. 
. This font family consists of the following shapes:
. 
. * 'normal' with NFSS spec.:
. <->s*[1.05]"[UnTaza]/ICU:"
. 
. * 'bold' with NFSS spec.:
. <->s*[1.05]"[UnTaza]/ICU:embolden=2;"
. 
. * 'italic' with NFSS spec.:
. <->s*[1.05]"[UnTaza]/ICU:slant=0.17;"
. 
. * 'sl/,FakeSlant=0.17' with NFSS spec.:
. <->s*[1.05]"[UnTaza]/ICU:slant=0.17;"
. 
. * 'bold italic' with NFSS spec.:
. <->s*[1.05]"[UnTaza]/ICU:embolden=2;slant=0.17;"
. 
. * 'sl/,FakeBold=2,FakeSlant=0.17' with NFSS spec.:
. <->s*[1.05]"[UnTaza]/ICU:embolden=2;slant=0.17;"
.................................................
)
(/usr/local/texlive/2013/texmf-dist/tex/latex/xltxtra/xltxtra.sty
Package: xltxtra 2010/09/20 v0.5e Improvements for the "XeLaTeX" format

(/usr/local/texlive/2013/texmf-dist/tex/latex/realscripts/realscripts.sty
Package: realscripts 2013/03/18 v0.3c Access OpenType subscripts and superscrip
ts
.................................................
. LaTeX info: "xparse/define-command"
. 
. Defining document command \fakesubscript with arg. spec. 'm' on line 19.
.................................................
.................................................
. LaTeX info: "xparse/define-command"
. 
. Defining document command \fakesuperscript with arg. spec. 'm' on line 22.
.................................................

*************************************************
* LaTeX warning: "xparse/redefine-command"
* 
* Redefining document command \textsubscript with arg. spec. 's' on line 25.
*************************************************
*************************************************
* LaTeX warning: "xparse/redefine-command"
* 
* Redefining document command \textsuperscript with arg. spec. 's' on line 28.
*************************************************
.................................................
. LaTeX info: "xparse/define-command"
. 
. Defining document command \realsubscript with arg. spec. 'm' on line 45.
.................................................
.................................................
. LaTeX info: "xparse/define-command"
. 
. Defining document command \realsuperscript with arg. spec. 'm' on line 60.
.................................................
.................................................
. LaTeX info: "xparse/define-command"
. 
. Defining document command \textsubsuperscript with arg. spec. 'sO{l}mm' on
. line 138.
.................................................
.................................................
. LaTeX info: "xparse/define-command"
. 
. Defining document command \textsupersubscript with arg. spec. 'sO{l}mm' on
. line 143.
.................................................
\subsupersep=\dimen184
) (/usr/local/texlive/2013/texmf-dist/tex/latex/metalogo/metalogo.sty
Package: metalogo 2010/05/29 v0.12 Extended TeX logo macros
\xl@everylogo=\toks27
\xl@@everylogo=\toks28
LaTeX Info: Redefining \TeX on input line 193.
LaTeX Info: Redefining \LaTeX on input line 202.
LaTeX Info: Redefining \LaTeXe on input line 219.
)
\xxt@tempbox=\box45
)
(/usr/local/texlive/2013/texmf-dist/tex/latex/oberdiek/twoopt.sty
Package: twoopt 2008/08/11 v1.5 Definitions with two optional arguments (HO)
)
.................................................
. fontspec info: "no-scripts"
. 
. Font UnBatang does not contain any OpenType `Script' information.
.................................................
.................................................
. fontspec info: "defining-font"
. 
. Font family 'UnBatang(1)' created for font 'UnBatang' with options
. [ExternalLocation,BoldFont=UnBatangBold,ItalicFont=UnBatang,ItalicFeatures={}
,BoldItalicFont=UnBatang,BoldItalicFeatures={},,,].
. 
. This font family consists of the following shapes:
. 
. * 'normal' with NFSS spec.:
. <->"[UnBatang]/ICU:"
. 
. * 'bold' with NFSS spec.:
. <->"[UnBatangBold]/ICU:"
. 
. * 'italic' with NFSS spec.:
. <->"[UnBatang]/ICU:"
. 
. * 'bold italic' with NFSS spec.:
. <->"[UnBatang]/ICU:"
.................................................
LaTeX Info: Redefining \kormainfont on input line 1026.
.................................................
. fontspec info: "no-scripts"
. 
. Font UnDotum does not contain any OpenType `Script' information.
.................................................
.................................................
. fontspec info: "defining-font"
. 
. Font family 'UnDotum(1)' created for font 'UnDotum' with options
. [ExternalLocation,BoldFont=UnDotumBold,ItalicFont=UnDotum,ItalicFeatures={},B
oldItalicFont=UnDotum,BoldItalicFeatures={},,,].
. 
. This font family consists of the following shapes:
. 
. * 'normal' with NFSS spec.:
. <->"[UnDotum]/ICU:"
. 
. * 'bold' with NFSS spec.:
. <->"[UnDotumBold]/ICU:"
. 
. * 'italic' with NFSS spec.:
. <->"[UnDotum]/ICU:"
. 
. * 'bold italic' with NFSS spec.:
. <->"[UnDotum]/ICU:"
.................................................
LaTeX Info: Redefining \korsansfont on input line 1027.
.................................................
. fontspec info: "no-scripts"
. 
. Font UnTaza does not contain any OpenType `Script' information.
.................................................
.................................................
. fontspec info: "defining-font"
. 
. Font family 'UnTaza(1)' created for font 'UnTaza' with options
. [ExternalLocation,BoldFont=UnTaza,BoldFeatures={RawFeature={embolden=2}},Ital
icFont=UnTaza,ItalicFeatures={},BoldItalicFont=UnTaza,BoldItalicFeatures={RawFe
ature={embolden=2}},Scale=1.05].
. 
. This font family consists of the following shapes:
. 
. * 'normal' with NFSS spec.:
. <->s*[1.05]"[UnTaza]/ICU:"
. 
. * 'bold' with NFSS spec.:
. <->s*[1.05]"[UnTaza]/ICU:embolden=2;"
. 
. * 'italic' with NFSS spec.:
. <->s*[1.05]"[UnTaza]/ICU:"
. 
. * 'bold italic' with NFSS spec.:
. <->s*[1.05]"[UnTaza]/ICU:embolden=2;"
.................................................
LaTeX Info: Redefining \kormonofont on input line 1028.
)
(/usr/local/texlive/2013/texmf-dist/tex/latex/kotex/utf/kolabels-utf.tex))
\memh@hu=\dimen185
\t@nch@ars=\skip193
\pghgheadwidth=\dimen186
\c@APPchapter=\count178
\c@APPsection=\count179
\c@APPsubsection=\count180

(/usr/local/texlive/2013/texmf-dist/tex/latex/kotex/utf/oblivoir/memhangul/memu
cs-setspace.sty
Package: memucs-setspace 2007/09/21 6.7-memucs8 Contributed and Supported LaTeX
2e package

Package: `memucs-setspace', a modified version of `setspace', 6.7-memucs8 <2007
/09/21>
)
\togetheightoffont=\box46
\htoffnt=\skip194
\divnoteskip=\skip195

(/usr/local/texlive/2013/texmf-dist/tex/latex/kotex/utf/oblivoir/memhangul/memh
angul-patch.sty
memhangul-ucs patch for memoir 1.618, 2006/04/27
))
\ob@hu=\dimen187
\tmp@XXbox=\box47
\tmp@XXdim=\dimen188
 (/usr/local/texlive/2013/texmf-dist/tex/latex/hyperref/hyperref.sty
Package: hyperref 2012/11/06 v6.83m Hypertext links for LaTeX

(/usr/local/texlive/2013/texmf-dist/tex/generic/oberdiek/hobsub-hyperref.sty
Package: hobsub-hyperref 2012/05/28 v1.13 Bundle oberdiek, subset hyperref (HO)


(/usr/local/texlive/2013/texmf-dist/tex/generic/oberdiek/hobsub-generic.sty
Package: hobsub-generic 2012/05/28 v1.13 Bundle oberdiek, subset generic (HO)
Package: hobsub 2012/05/28 v1.13 Construct package bundles (HO)
Package: infwarerr 2010/04/08 v1.3 Providing info/warning/error messages (HO)
Package: ltxcmds 2011/11/09 v1.22 LaTeX kernel commands for general use (HO)
Package hobsub Info: Skipping package `ifluatex' (already loaded).
Package: ifvtex 2010/03/01 v1.5 Detect VTeX and its facilities (HO)
Package ifvtex Info: VTeX not detected.
Package: intcalc 2007/09/27 v1.1 Expandable calculations with integers (HO)
Package hobsub Info: Skipping package `ifpdf' (already loaded).
Package: etexcmds 2011/02/16 v1.5 Avoid name clashes with e-TeX commands (HO)
Package etexcmds Info: Could not find \expanded.
(etexcmds)             That can mean that you are not using pdfTeX 1.50 or
(etexcmds)             that some package has redefined \expanded.
(etexcmds)             In the latter case, load this package earlier.
Package: kvsetkeys 2012/04/25 v1.16 Key value parser (HO)
Package: kvdefinekeys 2011/04/07 v1.3 Define keys (HO)
Package: pdftexcmds 2011/11/29 v0.20 Utility functions of pdfTeX for LuaTeX (HO
)
Package pdftexcmds Info: LuaTeX not detected.
Package pdftexcmds Info: pdfTeX >= 1.30 not detected.
Package pdftexcmds Info: \pdf@primitive is available.
Package pdftexcmds Info: \pdf@ifprimitive is available.
Package pdftexcmds Info: \pdfdraftmode not found.
Package: pdfescape 2011/11/25 v1.13 Implements pdfTeX's escape features (HO)
Package: bigintcalc 2012/04/08 v1.3 Expandable calculations on big integers (HO
)
Package: bitset 2011/01/30 v1.1 Handle bit-vector datatype (HO)
Package: uniquecounter 2011/01/30 v1.2 Provide unlimited unique counter (HO)
)
Package hobsub Info: Skipping package `hobsub' (already loaded).
Package: letltxmacro 2010/09/02 v1.4 Let assignment for LaTeX macros (HO)
Package: hopatch 2012/05/28 v1.2 Wrapper for package hooks (HO)
Package: xcolor-patch 2011/01/30 xcolor patch
Package: atveryend 2011/06/30 v1.8 Hooks at the very end of document (HO)
Package atveryend Info: \enddocument detected (standard20110627).
Package: atbegshi 2011/10/05 v1.16 At begin shipout hook (HO)
Package: refcount 2011/10/16 v3.4 Data extraction from label references (HO)
Package: hycolor 2011/01/30 v1.7 Color options for hyperref/bookmark (HO)
)
(/usr/local/texlive/2013/texmf-dist/tex/latex/oberdiek/auxhook.sty
Package: auxhook 2011/03/04 v1.3 Hooks for auxiliary files (HO)
)
(/usr/local/texlive/2013/texmf-dist/tex/latex/oberdiek/kvoptions.sty
Package: kvoptions 2011/06/30 v3.11 Key value format for package options (HO)
)
\@linkdim=\dimen189
\Hy@linkcounter=\count181
\Hy@pagecounter=\count182

(/usr/local/texlive/2013/texmf-dist/tex/latex/hyperref/pd1enc.def
File: pd1enc.def 2012/11/06 v6.83m Hyperref: PDFDocEncoding definition (HO)
)
\Hy@SavedSpaceFactor=\count183

(/usr/local/texlive/2013/texmf-dist/tex/latex/latexconfig/hyperref.cfg
File: hyperref.cfg 2002/06/06 v1.2 hyperref configuration of TeXLive
)
Package hyperref Info: Hyper figures OFF on input line 4443.
Package hyperref Info: Link nesting OFF on input line 4448.
Package hyperref Info: Hyper index ON on input line 4451.
Package hyperref Info: Plain pages OFF on input line 4458.
Package hyperref Info: Backreferencing OFF on input line 4463.
Package hyperref Info: Implicit mode ON; LaTeX internals redefined.
Package hyperref Info: Bookmarks ON on input line 4688.
\c@Hy@tempcnt=\count184

(/usr/local/texlive/2013/texmf-dist/tex/latex/url/url.sty
\Urlmuskip=\muskip16
Package: url 2013/09/16  ver 3.4  Verb mode for urls, etc.
)
LaTeX Info: Redefining \url on input line 5041.
\XeTeXLinkMargin=\dimen190
\Fld@menulength=\count185
\Field@Width=\dimen191
\Fld@charsize=\dimen192
Package hyperref Info: Hyper figures OFF on input line 6295.
Package hyperref Info: Link nesting OFF on input line 6300.
Package hyperref Info: Hyper index ON on input line 6303.
Package hyperref Info: backreferencing OFF on input line 6310.
Package hyperref Info: Link coloring OFF on input line 6315.
Package hyperref Info: Link coloring with OCG OFF on input line 6320.
Package hyperref Info: PDF/A mode OFF on input line 6325.
LaTeX Info: Redefining \ref on input line 6365.
LaTeX Info: Redefining \pageref on input line 6369.
\Hy@abspage=\count186
\c@Item=\count187
\c@Hfootnote=\count188
)
(/usr/local/texlive/2013/texmf-dist/tex/latex/memoir/memhfixc.sty
Package: memhfixc 2013/05/30 v1.17 nameref/hyperref package fixes for memoir cl
ass
\c@memhycontfloat=\count189
\c@Hpagenote=\count190
)

Package hyperref Message: Driver (autodetected): hxetex.

(/usr/local/texlive/2013/texmf-dist/tex/latex/hyperref/hxetex.def
File: hxetex.def 2012/11/06 v6.83m Hyperref driver for XeTeX

(/usr/local/texlive/2013/texmf-dist/tex/latex/hyperref/puenc.def
File: puenc.def 2012/11/06 v6.83m Hyperref: PDF Unicode definition (HO)
)
(/usr/local/texlive/2013/texmf-dist/tex/generic/oberdiek/stringenc.sty
Package: stringenc 2011/12/02 v1.10 Convert strings between diff. encodings (HO
)
)
\pdfm@box=\box48
\c@Hy@AnnotLevel=\count191
\HyField@AnnotCount=\count192
\Fld@listcount=\count193
\c@bookmark@seq@number=\count194

(/usr/local/texlive/2013/texmf-dist/tex/latex/oberdiek/rerunfilecheck.sty
Package: rerunfilecheck 2011/04/15 v1.7 Rerun checks for auxiliary files (HO)
Package rerunfilecheck Info: Feature \pdfmdfivesum is not available
(rerunfilecheck)             (e.g. pdfTeX or LuaTeX with package `pdftexcmds').

(rerunfilecheck)             Therefore file contents cannot be checked efficien
tly
(rerunfilecheck)             and the loading of the package is aborted.
)
\Hy@SectionHShift=\skip196
)
Normal \skip register pool exhausted, switching to extended pool.
\@ensp=\skip256

(/usr/local/texlive/2013/texmf-dist/tex/latex/kotex/utf/oblivoir/ob-toclof.sty)

(/usr/local/texlive/2013/texmf-dist/tex/latex/kotex/utf/oblivoir/ob-koreanappen
dix.sty))) (/usr/local/texlive/2013/texmf-dist/tex/latex/graphics/color.sty
Package: color 2005/11/14 v1.0j Standard LaTeX Color (DPC)

(/usr/local/texlive/2013/texmf-dist/tex/latex/latexconfig/color.cfg
File: color.cfg 2007/01/18 v1.5 color configuration of teTeX/TeXLive
)
Package color Info: Driver file: xetex.def on input line 130.
)
(/usr/local/texlive/2013/texmf-dist/tex/latex/framed/framed.sty
Package: framed 2011/10/22 v 0.96: framed or shaded text with page breaks
\OuterFrameSep=\skip257
\fb@frw=\dimen193
\fb@frh=\dimen194
)
(/usr/local/texlive/2013/texmf-dist/tex/latex/base/alltt.sty
Package: alltt 1997/06/16 v2.0g defines alltt environment
)
.................................................
. fontspec info: "no-scripts"
. 
. Font NanumGothic does not contain any OpenType `Script' information.
.................................................
\g_fontspec_family_NanumGothic_int=\count195
.................................................
. fontspec info: "no-font-shape"
. 
. Could not resolve font NanumGothic/I (it probably doesn't exist).
.................................................
.................................................
. fontspec info: "defining-font"
. 
. Font family 'NanumGothic(0)' created for font 'NanumGothic' with options
. [Ligatures=TeX].
. 
. This font family consists of the following shapes:
. 
. * 'normal' with NFSS spec.:
. <->"NanumGothic/AAT:mapping=tex-text;"
. 
. * 'bold' with NFSS spec.:
. <->"NanumGothic/B/AAT:mapping=tex-text;"
. 
. * 'bold italic' with NFSS spec.:
. <->"NanumGothic/BI/AAT:mapping=tex-text;"
.................................................
.................................................
. fontspec info: "no-scripts"
. 
. Font NanumGothic does not contain any OpenType `Script' information.
.................................................
.................................................
. fontspec info: "defining-font"
. 
. Font family 'NanumGothic(0)' created for font 'NanumGothic' with options
. [Ligatures=TeX].
. 
. This font family consists of the following shapes:
.................................................
LaTeX Info: Redefining \XK@main@hangul@font on input line 54.

(/usr/local/texlive/2013/texmf-dist/tex/latex/upquote/upquote.sty
Package: upquote 2012/04/19 v1.3 upright-quote and grave-accent glyphs in verba
tim

(/usr/local/texlive/2013/texmf-dist/tex/latex/base/textcomp.sty
Package: textcomp 2005/09/27 v1.99g Standard LaTeX package
Package textcomp Info: Sub-encoding information:
(textcomp)               5 = only ISO-Adobe without \textcurrency
(textcomp)               4 = 5 + \texteuro
(textcomp)               3 = 4 + \textohm
(textcomp)               2 = 3 + \textestimated + \textcurrency
(textcomp)               1 = TS1 - \textcircled - \t
(textcomp)               0 = TS1 (full)
(textcomp)             Font families with sub-encoding setting implement
(textcomp)             only a restricted character set as indicated.
(textcomp)             Family '?' is the default used for unknown fonts.
(textcomp)             See the documentation for details.
Package textcomp Info: Setting ? sub-encoding to TS1/1 on input line 71.

(/usr/local/texlive/2013/texmf-dist/tex/latex/base/ts1enc.def
File: ts1enc.def 2001/06/05 v3.0e (jk/car/fm) Standard LaTeX file
)
LaTeX Info: Redefining \oldstylenums on input line 266.
Package textcomp Info: Setting cmr sub-encoding to TS1/0 on input line 281.
Package textcomp Info: Setting cmss sub-encoding to TS1/0 on input line 282.
Package textcomp Info: Setting cmtt sub-encoding to TS1/0 on input line 283.
Package textcomp Info: Setting cmvtt sub-encoding to TS1/0 on input line 284.
Package textcomp Info: Setting cmbr sub-encoding to TS1/0 on input line 285.
Package textcomp Info: Setting cmtl sub-encoding to TS1/0 on input line 286.
Package textcomp Info: Setting ccr sub-encoding to TS1/0 on input line 287.
Package textcomp Info: Setting ptm sub-encoding to TS1/4 on input line 288.
Package textcomp Info: Setting pcr sub-encoding to TS1/4 on input line 289.
Package textcomp Info: Setting phv sub-encoding to TS1/4 on input line 290.
Package textcomp Info: Setting ppl sub-encoding to TS1/3 on input line 291.
Package textcomp Info: Setting pag sub-encoding to TS1/4 on input line 292.
Package textcomp Info: Setting pbk sub-encoding to TS1/4 on input line 293.
Package textcomp Info: Setting pnc sub-encoding to TS1/4 on input line 294.
Package textcomp Info: Setting pzc sub-encoding to TS1/4 on input line 295.
Package textcomp Info: Setting bch sub-encoding to TS1/4 on input line 296.
Package textcomp Info: Setting put sub-encoding to TS1/5 on input line 297.
Package textcomp Info: Setting uag sub-encoding to TS1/5 on input line 298.
Package textcomp Info: Setting ugq sub-encoding to TS1/5 on input line 299.
Package textcomp Info: Setting ul8 sub-encoding to TS1/4 on input line 300.
Package textcomp Info: Setting ul9 sub-encoding to TS1/4 on input line 301.
Package textcomp Info: Setting augie sub-encoding to TS1/5 on input line 302.
Package textcomp Info: Setting dayrom sub-encoding to TS1/3 on input line 303.
Package textcomp Info: Setting dayroms sub-encoding to TS1/3 on input line 304.

Package textcomp Info: Setting pxr sub-encoding to TS1/0 on input line 305.
Package textcomp Info: Setting pxss sub-encoding to TS1/0 on input line 306.
Package textcomp Info: Setting pxtt sub-encoding to TS1/0 on input line 307.
Package textcomp Info: Setting txr sub-encoding to TS1/0 on input line 308.
Package textcomp Info: Setting txss sub-encoding to TS1/0 on input line 309.
Package textcomp Info: Setting txtt sub-encoding to TS1/0 on input line 310.
Package textcomp Info: Setting lmr sub-encoding to TS1/0 on input line 311.
Package textcomp Info: Setting lmdh sub-encoding to TS1/0 on input line 312.
Package textcomp Info: Setting lmss sub-encoding to TS1/0 on input line 313.
Package textcomp Info: Setting lmssq sub-encoding to TS1/0 on input line 314.
Package textcomp Info: Setting lmvtt sub-encoding to TS1/0 on input line 315.
Package textcomp Info: Setting qhv sub-encoding to TS1/0 on input line 316.
Package textcomp Info: Setting qag sub-encoding to TS1/0 on input line 317.
Package textcomp Info: Setting qbk sub-encoding to TS1/0 on input line 318.
Package textcomp Info: Setting qcr sub-encoding to TS1/0 on input line 319.
Package textcomp Info: Setting qcs sub-encoding to TS1/0 on input line 320.
Package textcomp Info: Setting qpl sub-encoding to TS1/0 on input line 321.
Package textcomp Info: Setting qtm sub-encoding to TS1/0 on input line 322.
Package textcomp Info: Setting qzc sub-encoding to TS1/0 on input line 323.
Package textcomp Info: Setting qhvc sub-encoding to TS1/0 on input line 324.
Package textcomp Info: Setting futs sub-encoding to TS1/4 on input line 325.
Package textcomp Info: Setting futx sub-encoding to TS1/4 on input line 326.
Package textcomp Info: Setting futj sub-encoding to TS1/4 on input line 327.
Package textcomp Info: Setting hlh sub-encoding to TS1/3 on input line 328.
Package textcomp Info: Setting hls sub-encoding to TS1/3 on input line 329.
Package textcomp Info: Setting hlst sub-encoding to TS1/3 on input line 330.
Package textcomp Info: Setting hlct sub-encoding to TS1/5 on input line 331.
Package textcomp Info: Setting hlx sub-encoding to TS1/5 on input line 332.
Package textcomp Info: Setting hlce sub-encoding to TS1/5 on input line 333.
Package textcomp Info: Setting hlcn sub-encoding to TS1/5 on input line 334.
Package textcomp Info: Setting hlcw sub-encoding to TS1/5 on input line 335.
Package textcomp Info: Setting hlcf sub-encoding to TS1/5 on input line 336.
Package textcomp Info: Setting pplx sub-encoding to TS1/3 on input line 337.
Package textcomp Info: Setting pplj sub-encoding to TS1/3 on input line 338.
Package textcomp Info: Setting ptmx sub-encoding to TS1/4 on input line 339.
Package textcomp Info: Setting ptmj sub-encoding to TS1/4 on input line 340.
)) (./revenue.aux)
\openout1 = `revenue.aux'.

LaTeX Font Info:    Checking defaults for OML/cmm/m/it on input line 62.
LaTeX Font Info:    ... okay on input line 62.
LaTeX Font Info:    Checking defaults for T1/cmr/m/n on input line 62.
LaTeX Font Info:    ... okay on input line 62.
LaTeX Font Info:    Checking defaults for OT1/cmr/m/n on input line 62.
LaTeX Font Info:    ... okay on input line 62.
LaTeX Font Info:    Checking defaults for OMS/cmsy/m/n on input line 62.
LaTeX Font Info:    ... okay on input line 62.
LaTeX Font Info:    Checking defaults for OMX/cmex/m/n on input line 62.
LaTeX Font Info:    ... okay on input line 62.
LaTeX Font Info:    Checking defaults for U/cmr/m/n on input line 62.
LaTeX Font Info:    ... okay on input line 62.
LaTeX Font Info:    Checking defaults for EU1/lmr/m/n on input line 62.
LaTeX Font Info:    ... okay on input line 62.
LaTeX Font Info:    Checking defaults for T3/cmr/m/n on input line 62.
LaTeX Font Info:    Try loading font information for T3+cmr on input line 62.
 (/usr/local/texlive/2013/texmf-dist/tex/latex/tipa/t3cmr.fd
File: t3cmr.fd 2001/12/31 TIPA font definitions
)
LaTeX Font Info:    ... okay on input line 62.
LaTeX Font Info:    Checking defaults for PD1/pdf/m/n on input line 62.
LaTeX Font Info:    ... okay on input line 62.
LaTeX Font Info:    Checking defaults for PU/pdf/m/n on input line 62.
LaTeX Font Info:    ... okay on input line 62.
LaTeX Font Info:    Checking defaults for TS1/cmr/m/n on input line 62.
LaTeX Font Info:    Try loading font information for TS1+cmr on input line 62.

(/usr/local/texlive/2013/texmf-dist/tex/latex/base/ts1cmr.fd
File: ts1cmr.fd 1999/05/25 v2.5h Standard LaTeX font definitions
)
LaTeX Font Info:    ... okay on input line 62.
.................................................
. fontspec info: "setup-math"
. 
. Adjusting the maths setup (use [no-math] to avoid this).
.................................................
\symlegacymaths=\mathgroup4
LaTeX Font Info:    Overwriting symbol font `legacymaths' in version `bold'
(Font)                  OT1/cmr/m/n --> OT1/cmr/bx/n on input line 62.
LaTeX Font Info:    Redeclaring math accent \acute on input line 62.
LaTeX Font Info:    Redeclaring math accent \grave on input line 62.
LaTeX Font Info:    Redeclaring math accent \ddot on input line 62.
LaTeX Font Info:    Redeclaring math accent \tilde on input line 62.
LaTeX Font Info:    Redeclaring math accent \bar on input line 62.
LaTeX Font Info:    Redeclaring math accent \breve on input line 62.
LaTeX Font Info:    Redeclaring math accent \check on input line 62.
LaTeX Font Info:    Redeclaring math accent \hat on input line 62.
LaTeX Font Info:    Redeclaring math accent \dot on input line 62.
LaTeX Font Info:    Redeclaring math accent \mathring on input line 62.
LaTeX Font Info:    Redeclaring math symbol \colon on input line 62.
LaTeX Font Info:    Redeclaring math symbol \Gamma on input line 62.
LaTeX Font Info:    Redeclaring math symbol \Delta on input line 62.
LaTeX Font Info:    Redeclaring math symbol \Theta on input line 62.
LaTeX Font Info:    Redeclaring math symbol \Lambda on input line 62.
LaTeX Font Info:    Redeclaring math symbol \Xi on input line 62.
LaTeX Font Info:    Redeclaring math symbol \Pi on input line 62.
LaTeX Font Info:    Redeclaring math symbol \Sigma on input line 62.
LaTeX Font Info:    Redeclaring math symbol \Upsilon on input line 62.
LaTeX Font Info:    Redeclaring math symbol \Phi on input line 62.
LaTeX Font Info:    Redeclaring math symbol \Psi on input line 62.
LaTeX Font Info:    Redeclaring math symbol \Omega on input line 62.
LaTeX Font Info:    Redeclaring math symbol \mathdollar on input line 62.
LaTeX Font Info:    Redeclaring symbol font `operators' on input line 62.
LaTeX Font Info:    Encoding `OT1' has changed to `EU1' for symbol font
(Font)              `operators' in the math version `normal' on input line 62.
LaTeX Font Info:    Overwriting symbol font `operators' in version `normal'
(Font)                  OT1/cmr/m/n --> EU1/NanumGothic(0)/m/n on input line 62
.
LaTeX Font Info:    Encoding `OT1' has changed to `EU1' for symbol font
(Font)              `operators' in the math version `bold' on input line 62.
LaTeX Font Info:    Overwriting symbol font `operators' in version `bold'
(Font)                  OT1/cmr/bx/n --> EU1/NanumGothic(0)/m/n on input line 6
2.
LaTeX Font Info:    Overwriting symbol font `operators' in version `normal'
(Font)                  EU1/NanumGothic(0)/m/n --> EU1/NanumGothic(0)/m/n on in
put line 62.
LaTeX Font Info:    Overwriting math alphabet `\mathrm' in version `normal'
(Font)                  EU1/NanumGothic(0)/m/n --> EU1/NanumGothic(0)/m/n on in
put line 62.
LaTeX Font Info:    Overwriting math alphabet `\mathit' in version `normal'
(Font)                  OT1/cmr/m/it --> EU1/NanumGothic(0)/m/it on input line 
62.
LaTeX Font Info:    Overwriting math alphabet `\mathbf' in version `normal'
(Font)                  OT1/cmr/bx/n --> EU1/NanumGothic(0)/bx/n on input line 
62.
LaTeX Font Info:    Overwriting math alphabet `\mathsf' in version `normal'
(Font)                  OT1/cmss/m/n --> EU1/lmss/m/n on input line 62.
LaTeX Font Info:    Overwriting math alphabet `\mathtt' in version `normal'
(Font)                  OT1/cmtt/m/n --> EU1/lmtt/m/n on input line 62.
LaTeX Font Info:    Overwriting symbol font `operators' in version `bold'
(Font)                  EU1/NanumGothic(0)/m/n --> EU1/NanumGothic(0)/bx/n on i
nput line 62.
LaTeX Font Info:    Overwriting math alphabet `\mathrm' in version `bold'
(Font)                  EU1/NanumGothic(0)/m/n --> EU1/NanumGothic(0)/bx/n on i
nput line 62.
LaTeX Font Info:    Overwriting math alphabet `\mathit' in version `bold'
(Font)                  OT1/cmr/bx/it --> EU1/NanumGothic(0)/bx/it on input lin
e 62.
LaTeX Font Info:    Overwriting math alphabet `\mathsf' in version `bold'
(Font)                  OT1/cmss/bx/n --> EU1/lmss/bx/n on input line 62.
LaTeX Font Info:    Overwriting math alphabet `\mathtt' in version `bold'
(Font)                  OT1/cmtt/m/n --> EU1/lmtt/bx/n on input line 62.
\symmathhangul=\mathgroup5
LaTeX Font Info:    Overwriting symbol font `mathhangul' in version `bold'
(Font)                  EU1/NanumGothic(0)/m/n --> EU1/NanumGothic(0)/bx/n on i
nput line 62.
\AtBeginShipoutBox=\box49
Package hyperref Info: Link coloring OFF on input line 62.

(/usr/local/texlive/2013/texmf-dist/tex/latex/hyperref/nameref.sty
Package: nameref 2012/10/27 v2.43 Cross-referencing by name of section

(/usr/local/texlive/2013/texmf-dist/tex/generic/oberdiek/gettitlestring.sty
Package: gettitlestring 2010/12/03 v1.4 Cleanup title references (HO)
)
\c@section@level=\count196
)
Redoing nameref's sectioning
Redoing nameref's label
LaTeX Info: Redefining \nameref on input line 62.
LaTeX Info: Redefining \ref on input line 62.
LaTeX Info: Redefining \pageref on input line 62.
LaTeX Info: Redefining \nameref on input line 62.
(./revenue.out) (./revenue.out)
\@outlinefile=\write4
\openout4 = `revenue.out'.

LaTeX Font Info:    External font `cmex10' loaded for size
(Font)              <10.95> on input line 64.
LaTeX Font Info:    External font `cmex10' loaded for size
(Font)              <8> on input line 64.
LaTeX Font Info:    External font `cmex10' loaded for size
(Font)              <6> on input line 64.

(/usr/local/texlive/2013/texmf-dist/tex/generic/oberdiek/se-ascii-print.def
File: se-ascii-print.def 2011/12/02 v1.10 stringenc: Printable ASCII characters

)
Underfull \hbox (badness 10000) in paragraph at lines 74--75

 []

LaTeX Font Info:    External font `cmex10' loaded for size
(Font)              <7> on input line 77.
LaTeX Font Info:    External font `cmex10' loaded for size
(Font)              <5> on input line 77.
Package color Info: Redefining color shadecolor on input line 102.
File: figure/unnamed-chunk-4.pdf Graphic file (type QTm)
<use  "figure/unnamed-chunk-4.pdf" > [1

]
Package atveryend Info: Empty hook `BeforeClearDocument' on input line 108.
Package atveryend Info: Empty hook `AfterLastShipout' on input line 108.
 (./revenue.aux)
Package atveryend Info: Empty hook `AtVeryEndDocument' on input line 108.
Package atveryend Info: Empty hook `AtEndAfterFileList' on input line 108.
Package atveryend Info: Empty hook `AtVeryVeryEnd' on input line 108.
 ) 
Here is how much of TeX's memory you used:
 25294 strings out of 493918
 456364 string characters out of 6148598
 528705 words of memory out of 5000000
 28333 multiletter control sequences out of 15000+600000
 7214 words of font info for 47 fonts, out of 8000000 for 9000
 1144 hyphenation exceptions out of 8191
 99i,11n,56p,10511b,342s stack positions out of 5000i,500n,10000p,200000b,80000s

Output written on revenue.pdf (1 page).
